<?xml version="1.0" encoding="UTF-8"?>
<testsuite name="HwangJiHun.errorcenter.ErrorcenterApplicationTests" tests="1" skipped="0" failures="0" errors="0" timestamp="2022-12-12T04:06:11" hostname="DESKTOP-PCVPH1C" time="0.481">
  <properties/>
  <testcase name="contextLoads()" classname="HwangJiHun.errorcenter.ErrorcenterApplicationTests" time="0.481"/>
  <system-out><![CDATA[13:06:07.402 [Test worker] DEBUG org.springframework.test.context.BootstrapUtils - Instantiating CacheAwareContextLoaderDelegate from class [org.springframework.test.context.cache.DefaultCacheAwareContextLoaderDelegate]
13:06:07.415 [Test worker] DEBUG org.springframework.test.context.BootstrapUtils - Instantiating BootstrapContext using constructor [public org.springframework.test.context.support.DefaultBootstrapContext(java.lang.Class,org.springframework.test.context.CacheAwareContextLoaderDelegate)]
13:06:07.447 [Test worker] DEBUG org.springframework.test.context.BootstrapUtils - Instantiating TestContextBootstrapper for test class [HwangJiHun.errorcenter.ErrorcenterApplicationTests] from class [org.springframework.boot.test.context.SpringBootTestContextBootstrapper]
13:06:07.460 [Test worker] INFO org.springframework.boot.test.context.SpringBootTestContextBootstrapper - Neither @ContextConfiguration nor @ContextHierarchy found for test class [HwangJiHun.errorcenter.ErrorcenterApplicationTests], using SpringBootContextLoader
13:06:07.465 [Test worker] DEBUG org.springframework.test.context.support.AbstractContextLoader - Did not detect default resource location for test class [HwangJiHun.errorcenter.ErrorcenterApplicationTests]: class path resource [HwangJiHun/errorcenter/ErrorcenterApplicationTests-context.xml] does not exist
13:06:07.466 [Test worker] DEBUG org.springframework.test.context.support.AbstractContextLoader - Did not detect default resource location for test class [HwangJiHun.errorcenter.ErrorcenterApplicationTests]: class path resource [HwangJiHun/errorcenter/ErrorcenterApplicationTestsContext.groovy] does not exist
13:06:07.466 [Test worker] INFO org.springframework.test.context.support.AbstractContextLoader - Could not detect default resource locations for test class [HwangJiHun.errorcenter.ErrorcenterApplicationTests]: no resource found for suffixes {-context.xml, Context.groovy}.
13:06:07.467 [Test worker] INFO org.springframework.test.context.support.AnnotationConfigContextLoaderUtils - Could not detect default configuration classes for test class [HwangJiHun.errorcenter.ErrorcenterApplicationTests]: ErrorcenterApplicationTests does not declare any static, non-private, non-final, nested classes annotated with @Configuration.
13:06:07.511 [Test worker] DEBUG org.springframework.test.context.support.ActiveProfilesUtils - Could not find an 'annotation declaring class' for annotation type [org.springframework.test.context.ActiveProfiles] and class [HwangJiHun.errorcenter.ErrorcenterApplicationTests]
13:06:07.570 [Test worker] DEBUG org.springframework.context.annotation.ClassPathScanningCandidateComponentProvider - Identified candidate component class: file [C:\Users\jihun\Desktop\Project\Error Center\errorcenter\build\classes\java\main\HwangJiHun\errorcenter\ErrorcenterApplication.class]
13:06:07.573 [Test worker] INFO org.springframework.boot.test.context.SpringBootTestContextBootstrapper - Found @SpringBootConfiguration HwangJiHun.errorcenter.ErrorcenterApplication for test class HwangJiHun.errorcenter.ErrorcenterApplicationTests
13:06:07.675 [Test worker] DEBUG org.springframework.boot.test.context.SpringBootTestContextBootstrapper - @TestExecutionListeners is not present for class [HwangJiHun.errorcenter.ErrorcenterApplicationTests]: using defaults.
13:06:07.676 [Test worker] INFO org.springframework.boot.test.context.SpringBootTestContextBootstrapper - Loaded default TestExecutionListener class names from location [META-INF/spring.factories]: [org.springframework.boot.test.autoconfigure.restdocs.RestDocsTestExecutionListener, org.springframework.boot.test.autoconfigure.web.client.MockRestServiceServerResetTestExecutionListener, org.springframework.boot.test.autoconfigure.web.servlet.MockMvcPrintOnlyOnFailureTestExecutionListener, org.springframework.boot.test.autoconfigure.web.servlet.WebDriverTestExecutionListener, org.springframework.boot.test.autoconfigure.webservices.client.MockWebServiceServerTestExecutionListener, org.springframework.boot.test.mock.mockito.MockitoTestExecutionListener, org.springframework.boot.test.mock.mockito.ResetMocksTestExecutionListener, org.springframework.test.context.web.ServletTestExecutionListener, org.springframework.test.context.support.DirtiesContextBeforeModesTestExecutionListener, org.springframework.test.context.event.ApplicationEventsTestExecutionListener, org.springframework.test.context.support.DependencyInjectionTestExecutionListener, org.springframework.test.context.support.DirtiesContextTestExecutionListener, org.springframework.test.context.transaction.TransactionalTestExecutionListener, org.springframework.test.context.jdbc.SqlScriptsTestExecutionListener, org.springframework.test.context.event.EventPublishingTestExecutionListener]
13:06:07.699 [Test worker] INFO org.springframework.boot.test.context.SpringBootTestContextBootstrapper - Using TestExecutionListeners: [org.springframework.test.context.web.ServletTestExecutionListener@2fa7ae9, org.springframework.test.context.support.DirtiesContextBeforeModesTestExecutionListener@7577b641, org.springframework.test.context.event.ApplicationEventsTestExecutionListener@3704122f, org.springframework.boot.test.mock.mockito.MockitoTestExecutionListener@3153ddfc, org.springframework.boot.test.autoconfigure.SpringBootDependencyInjectionTestExecutionListener@60afd40d, org.springframework.test.context.support.DirtiesContextTestExecutionListener@28a2a3e7, org.springframework.test.context.transaction.TransactionalTestExecutionListener@3f2049b6, org.springframework.test.context.jdbc.SqlScriptsTestExecutionListener@10b3df93, org.springframework.test.context.event.EventPublishingTestExecutionListener@ea27e34, org.springframework.boot.test.autoconfigure.restdocs.RestDocsTestExecutionListener@33a2499c, org.springframework.boot.test.autoconfigure.web.client.MockRestServiceServerResetTestExecutionListener@e72dba7, org.springframework.boot.test.autoconfigure.web.servlet.MockMvcPrintOnlyOnFailureTestExecutionListener@33c2bd, org.springframework.boot.test.autoconfigure.web.servlet.WebDriverTestExecutionListener@1dfd5f51, org.springframework.boot.test.autoconfigure.webservices.client.MockWebServiceServerTestExecutionListener@3c321bdb, org.springframework.boot.test.mock.mockito.ResetMocksTestExecutionListener@24855019]
13:06:07.703 [Test worker] DEBUG org.springframework.test.context.support.AbstractDirtiesContextTestExecutionListener - Before test class: context [DefaultTestContext@1cefc4b3 testClass = ErrorcenterApplicationTests, testInstance = [null], testMethod = [null], testException = [null], mergedContextConfiguration = [WebMergedContextConfiguration@2b27cc70 testClass = ErrorcenterApplicationTests, locations = '{}', classes = '{class HwangJiHun.errorcenter.ErrorcenterApplication}', contextInitializerClasses = '[]', activeProfiles = '{}', propertySourceLocations = '{}', propertySourceProperties = '{org.springframework.boot.test.context.SpringBootTestContextBootstrapper=true}', contextCustomizers = set[org.springframework.boot.test.autoconfigure.actuate.metrics.MetricsExportContextCustomizerFactory$DisableMetricExportContextCustomizer@b78a709, org.springframework.boot.test.autoconfigure.properties.PropertyMappingContextCustomizer@0, org.springframework.boot.test.autoconfigure.web.servlet.WebDriverContextCustomizerFactory$Customizer@531c311e, org.springframework.boot.test.context.filter.ExcludeFilterContextCustomizer@4b672daa, org.springframework.boot.test.json.DuplicateJsonObjectContextCustomizerFactory$DuplicateJsonObjectContextCustomizer@3fffff43, org.springframework.boot.test.mock.mockito.MockitoContextCustomizer@0, org.springframework.boot.test.web.client.TestRestTemplateContextCustomizer@58ebfd03, org.springframework.boot.test.context.SpringBootTestArgs@1, org.springframework.boot.test.context.SpringBootTestWebEnvironment@3b5fad2d], resourceBasePath = 'src/main/webapp', contextLoader = 'org.springframework.boot.test.context.SpringBootContextLoader', parent = [null]], attributes = map['org.springframework.test.context.web.ServletTestExecutionListener.activateListener' -> true]], class annotated with @DirtiesContext [false] with mode [null].

  .   ____          _            __ _ _
 /\\ / ___'_ __ _ _(_)_ __  __ _ \ \ \ \
( ( )\___ | '_ | '_| | '_ \/ _` | \ \ \ \
 \\/  ___)| |_)| | | | | || (_| |  ) ) ) )
  '  |____| .__|_| |_|_| |_\__, | / / / /
 =========|_|==============|___/=/_/_/_/
 :: Spring Boot ::                (v2.7.5)

2022-12-12 13:06:08.372  INFO 38784 --- [    Test worker] H.e.ErrorcenterApplicationTests          : Starting ErrorcenterApplicationTests using Java 11.0.15 on DESKTOP-PCVPH1C with PID 38784 (started by jihun in C:\Users\jihun\Desktop\Project\Error Center\errorcenter)
2022-12-12 13:06:08.373 DEBUG 38784 --- [    Test worker] H.e.ErrorcenterApplicationTests          : Running with Spring Boot v2.7.5, Spring v5.3.23
2022-12-12 13:06:08.374  INFO 38784 --- [    Test worker] H.e.ErrorcenterApplicationTests          : No active profile set, falling back to 1 default profile: "default"
2022-12-12 13:06:09.271  WARN 38784 --- [    Test worker] o.m.s.mapper.ClassPathMapperScanner      : No MyBatis mapper was found in '[HwangJiHun.errorcenter]' package. Please check your configuration.
2022-12-12 13:06:09.348  INFO 38784 --- [    Test worker] o.s.cloud.context.scope.GenericScope     : BeanFactory id=1733e810-0953-3687-bf86-187f552cbbd9
2022-12-12 13:06:11.459  INFO 38784 --- [    Test worker] H.e.ErrorcenterApplicationTests          : Started ErrorcenterApplicationTests in 3.712 seconds (JVM running for 5.041)
]]></system-out>
  <system-err><![CDATA[]]></system-err>
</testsuite>
