<?xml version="1.0" encoding="UTF-8"?>
<testsuite name="HwangJiHun.errorcenter.repository.ExceptionRepositoryTest" tests="1" skipped="0" failures="0" errors="0" timestamp="2022-12-12T04:06:12" hostname="DESKTOP-PCVPH1C" time="0.283">
  <properties/>
  <testcase name="예외 저장 확인" classname="HwangJiHun.errorcenter.repository.ExceptionRepositoryTest" time="0.283"/>
  <system-out><![CDATA[2022-12-12 13:06:11.983  INFO 38784 --- [    Test worker] .b.t.c.SpringBootTestContextBootstrapper : Neither @ContextConfiguration nor @ContextHierarchy found for test class [HwangJiHun.errorcenter.repository.ExceptionRepositoryTest], using SpringBootContextLoader
2022-12-12 13:06:11.984  INFO 38784 --- [    Test worker] o.s.t.c.support.AbstractContextLoader    : Could not detect default resource locations for test class [HwangJiHun.errorcenter.repository.ExceptionRepositoryTest]: no resource found for suffixes {-context.xml, Context.groovy}.
2022-12-12 13:06:11.985  INFO 38784 --- [    Test worker] t.c.s.AnnotationConfigContextLoaderUtils : Could not detect default configuration classes for test class [HwangJiHun.errorcenter.repository.ExceptionRepositoryTest]: ExceptionRepositoryTest does not declare any static, non-private, non-final, nested classes annotated with @Configuration.
2022-12-12 13:06:12.008  INFO 38784 --- [    Test worker] .b.t.c.SpringBootTestContextBootstrapper : Found @SpringBootConfiguration HwangJiHun.errorcenter.ErrorcenterApplication for test class HwangJiHun.errorcenter.repository.ExceptionRepositoryTest
2022-12-12 13:06:12.011  INFO 38784 --- [    Test worker] .b.t.c.SpringBootTestContextBootstrapper : Loaded default TestExecutionListener class names from location [META-INF/spring.factories]: [org.springframework.boot.test.autoconfigure.restdocs.RestDocsTestExecutionListener, org.springframework.boot.test.autoconfigure.web.client.MockRestServiceServerResetTestExecutionListener, org.springframework.boot.test.autoconfigure.web.servlet.MockMvcPrintOnlyOnFailureTestExecutionListener, org.springframework.boot.test.autoconfigure.web.servlet.WebDriverTestExecutionListener, org.springframework.boot.test.autoconfigure.webservices.client.MockWebServiceServerTestExecutionListener, org.springframework.boot.test.mock.mockito.MockitoTestExecutionListener, org.springframework.boot.test.mock.mockito.ResetMocksTestExecutionListener, org.springframework.test.context.web.ServletTestExecutionListener, org.springframework.test.context.support.DirtiesContextBeforeModesTestExecutionListener, org.springframework.test.context.event.ApplicationEventsTestExecutionListener, org.springframework.test.context.support.DependencyInjectionTestExecutionListener, org.springframework.test.context.support.DirtiesContextTestExecutionListener, org.springframework.test.context.transaction.TransactionalTestExecutionListener, org.springframework.test.context.jdbc.SqlScriptsTestExecutionListener, org.springframework.test.context.event.EventPublishingTestExecutionListener]
2022-12-12 13:06:12.012  INFO 38784 --- [    Test worker] .b.t.c.SpringBootTestContextBootstrapper : Using TestExecutionListeners: [org.springframework.test.context.web.ServletTestExecutionListener@12a6e8ed, org.springframework.test.context.support.DirtiesContextBeforeModesTestExecutionListener@63b4b9c6, org.springframework.test.context.event.ApplicationEventsTestExecutionListener@6c66ddab, org.springframework.boot.test.mock.mockito.MockitoTestExecutionListener@603f4e3e, org.springframework.boot.test.autoconfigure.SpringBootDependencyInjectionTestExecutionListener@45fb2354, org.springframework.test.context.support.DirtiesContextTestExecutionListener@3c7d8a4, org.springframework.test.context.transaction.TransactionalTestExecutionListener@5996d6f2, org.springframework.test.context.jdbc.SqlScriptsTestExecutionListener@43423d40, org.springframework.test.context.event.EventPublishingTestExecutionListener@5f3f57ff, org.springframework.boot.test.autoconfigure.restdocs.RestDocsTestExecutionListener@6200b644, org.springframework.boot.test.autoconfigure.web.client.MockRestServiceServerResetTestExecutionListener@d4ecdb0, org.springframework.boot.test.autoconfigure.web.servlet.MockMvcPrintOnlyOnFailureTestExecutionListener@5fb44964, org.springframework.boot.test.autoconfigure.web.servlet.WebDriverTestExecutionListener@7a117dc2, org.springframework.boot.test.autoconfigure.webservices.client.MockWebServiceServerTestExecutionListener@1d444652, org.springframework.boot.test.mock.mockito.ResetMocksTestExecutionListener@669c2b07]
2022-12-12 13:06:12.025  INFO 38784 --- [    Test worker] com.zaxxer.hikari.HikariDataSource       : HikariPool-1 - Starting...
2022-12-12 13:06:12.128  INFO 38784 --- [    Test worker] com.zaxxer.hikari.HikariDataSource       : HikariPool-1 - Start completed.
2022-12-12 13:06:12.138  INFO 38784 --- [    Test worker] o.s.t.c.transaction.TransactionContext   : Began transaction (1) for test context [DefaultTestContext@c4551c6 testClass = ExceptionRepositoryTest, testInstance = HwangJiHun.errorcenter.repository.ExceptionRepositoryTest@3a3316b6, testMethod = save@ExceptionRepositoryTest, testException = [null], mergedContextConfiguration = [WebMergedContextConfiguration@4db46344 testClass = ExceptionRepositoryTest, locations = '{}', classes = '{class HwangJiHun.errorcenter.ErrorcenterApplication}', contextInitializerClasses = '[]', activeProfiles = '{}', propertySourceLocations = '{}', propertySourceProperties = '{org.springframework.boot.test.context.SpringBootTestContextBootstrapper=true}', contextCustomizers = set[org.springframework.boot.test.autoconfigure.actuate.metrics.MetricsExportContextCustomizerFactory$DisableMetricExportContextCustomizer@b78a709, org.springframework.boot.test.autoconfigure.properties.PropertyMappingContextCustomizer@0, org.springframework.boot.test.autoconfigure.web.servlet.WebDriverContextCustomizerFactory$Customizer@531c311e, org.springframework.boot.test.context.filter.ExcludeFilterContextCustomizer@4b672daa, org.springframework.boot.test.json.DuplicateJsonObjectContextCustomizerFactory$DuplicateJsonObjectContextCustomizer@3fffff43, org.springframework.boot.test.mock.mockito.MockitoContextCustomizer@0, org.springframework.boot.test.web.client.TestRestTemplateContextCustomizer@58ebfd03, org.springframework.boot.test.context.SpringBootTestArgs@1, org.springframework.boot.test.context.SpringBootTestWebEnvironment@3b5fad2d], resourceBasePath = 'src/main/webapp', contextLoader = 'org.springframework.boot.test.context.SpringBootContextLoader', parent = [null]], attributes = map['org.springframework.test.context.web.ServletTestExecutionListener.activateListener' -> true, 'org.springframework.test.context.web.ServletTestExecutionListener.populatedRequestContextHolder' -> true, 'org.springframework.test.context.web.ServletTestExecutionListener.resetRequestContextHolder' -> true, 'org.springframework.test.context.event.ApplicationEventsTestExecutionListener.recordApplicationEvents' -> false]]; transaction manager [org.springframework.jdbc.support.JdbcTransactionManager@56c6d515]; rollback [true]
2022-12-12 13:06:12.141  INFO 38784 --- [    Test worker] H.e.repository.ExceptionRepositoryTest   : myException = MyException(id=null, projectId=0, date=2022-12-12 13:06:12.141, errorMessage=Test Exception)
2022-12-12 13:06:12.296  INFO 38784 --- [    Test worker] o.s.t.c.transaction.TransactionContext   : Rolled back transaction for test: [DefaultTestContext@c4551c6 testClass = ExceptionRepositoryTest, testInstance = HwangJiHun.errorcenter.repository.ExceptionRepositoryTest@3a3316b6, testMethod = save@ExceptionRepositoryTest, testException = [null], mergedContextConfiguration = [WebMergedContextConfiguration@4db46344 testClass = ExceptionRepositoryTest, locations = '{}', classes = '{class HwangJiHun.errorcenter.ErrorcenterApplication}', contextInitializerClasses = '[]', activeProfiles = '{}', propertySourceLocations = '{}', propertySourceProperties = '{org.springframework.boot.test.context.SpringBootTestContextBootstrapper=true}', contextCustomizers = set[org.springframework.boot.test.autoconfigure.actuate.metrics.MetricsExportContextCustomizerFactory$DisableMetricExportContextCustomizer@b78a709, org.springframework.boot.test.autoconfigure.properties.PropertyMappingContextCustomizer@0, org.springframework.boot.test.autoconfigure.web.servlet.WebDriverContextCustomizerFactory$Customizer@531c311e, org.springframework.boot.test.context.filter.ExcludeFilterContextCustomizer@4b672daa, org.springframework.boot.test.json.DuplicateJsonObjectContextCustomizerFactory$DuplicateJsonObjectContextCustomizer@3fffff43, org.springframework.boot.test.mock.mockito.MockitoContextCustomizer@0, org.springframework.boot.test.web.client.TestRestTemplateContextCustomizer@58ebfd03, org.springframework.boot.test.context.SpringBootTestArgs@1, org.springframework.boot.test.context.SpringBootTestWebEnvironment@3b5fad2d], resourceBasePath = 'src/main/webapp', contextLoader = 'org.springframework.boot.test.context.SpringBootContextLoader', parent = [null]], attributes = map['org.springframework.test.context.web.ServletTestExecutionListener.activateListener' -> true, 'org.springframework.test.context.web.ServletTestExecutionListener.populatedRequestContextHolder' -> true, 'org.springframework.test.context.web.ServletTestExecutionListener.resetRequestContextHolder' -> true, 'org.springframework.test.context.event.ApplicationEventsTestExecutionListener.recordApplicationEvents' -> false]]
]]></system-out>
  <system-err><![CDATA[]]></system-err>
</testsuite>
